mode: set
github.com/marccampbell/graviton-scheduler-extender/pkg/util/checks.go:26.59,27.100 1 0
github.com/marccampbell/graviton-scheduler-extender/pkg/util/checks.go:30.2,30.90 1 0
github.com/marccampbell/graviton-scheduler-extender/pkg/util/checks.go:27.100,29.3 1 0
github.com/marccampbell/graviton-scheduler-extender/pkg/util/checks.go:35.64,36.37 1 1
github.com/marccampbell/graviton-scheduler-extender/pkg/util/checks.go:40.2,46.15 2 1
github.com/marccampbell/graviton-scheduler-extender/pkg/util/checks.go:36.37,38.3 1 1
github.com/marccampbell/graviton-scheduler-extender/pkg/util/checks.go:50.85,52.39 2 1
github.com/marccampbell/graviton-scheduler-extender/pkg/util/checks.go:55.2,55.20 1 1
github.com/marccampbell/graviton-scheduler-extender/pkg/util/checks.go:52.39,54.3 1 1
github.com/marccampbell/graviton-scheduler-extender/pkg/util/error.go:27.28,28.16 1 0
github.com/marccampbell/graviton-scheduler-extender/pkg/util/error.go:28.16,29.30 1 0
github.com/marccampbell/graviton-scheduler-extender/pkg/util/error.go:32.3,32.13 1 0
github.com/marccampbell/graviton-scheduler-extender/pkg/util/error.go:29.30,31.4 1 0
github.com/marccampbell/graviton-scheduler-extender/pkg/util/error.go:37.50,38.16 1 1
github.com/marccampbell/graviton-scheduler-extender/pkg/util/error.go:41.2,41.24 1 1
github.com/marccampbell/graviton-scheduler-extender/pkg/util/error.go:38.16,40.3 1 1
github.com/marccampbell/graviton-scheduler-extender/pkg/util/error.go:45.78,46.31 1 1
github.com/marccampbell/graviton-scheduler-extender/pkg/util/error.go:46.31,48.3 1 1
github.com/marccampbell/graviton-scheduler-extender/pkg/util/error.go:48.8,48.38 1 1
github.com/marccampbell/graviton-scheduler-extender/pkg/util/error.go:48.38,50.3 1 1
github.com/marccampbell/graviton-scheduler-extender/pkg/util/error.go:50.8,50.54 1 1
github.com/marccampbell/graviton-scheduler-extender/pkg/util/error.go:50.54,52.3 1 1
github.com/marccampbell/graviton-scheduler-extender/pkg/util/error.go:52.8,54.3 1 1
github.com/marccampbell/graviton-scheduler-extender/pkg/util/k8s_utils.go:28.77,29.37 1 1
github.com/marccampbell/graviton-scheduler-extender/pkg/util/k8s_utils.go:34.2,34.11 1 1
github.com/marccampbell/graviton-scheduler-extender/pkg/util/k8s_utils.go:29.37,30.35 1 1
github.com/marccampbell/graviton-scheduler-extender/pkg/util/k8s_utils.go:30.35,32.4 1 1
github.com/marccampbell/graviton-scheduler-extender/pkg/util/k8s_utils.go:39.78,40.17 1 1
github.com/marccampbell/graviton-scheduler-extender/pkg/util/k8s_utils.go:45.2,45.17 1 1
github.com/marccampbell/graviton-scheduler-extender/pkg/util/k8s_utils.go:50.2,50.16 1 1
github.com/marccampbell/graviton-scheduler-extender/pkg/util/k8s_utils.go:40.17,41.52 1 1
github.com/marccampbell/graviton-scheduler-extender/pkg/util/k8s_utils.go:41.52,43.4 1 1
github.com/marccampbell/graviton-scheduler-extender/pkg/util/k8s_utils.go:45.17,46.52 1 1
github.com/marccampbell/graviton-scheduler-extender/pkg/util/k8s_utils.go:46.52,48.4 1 1
github.com/marccampbell/graviton-scheduler-extender/pkg/util/k8s_utils.go:54.61,55.17 1 1
github.com/marccampbell/graviton-scheduler-extender/pkg/util/k8s_utils.go:77.2,77.16 1 1
github.com/marccampbell/graviton-scheduler-extender/pkg/util/k8s_utils.go:55.17,56.36 1 1
github.com/marccampbell/graviton-scheduler-extender/pkg/util/k8s_utils.go:61.3,61.41 1 1
github.com/marccampbell/graviton-scheduler-extender/pkg/util/k8s_utils.go:66.3,66.68 1 1
github.com/marccampbell/graviton-scheduler-extender/pkg/util/k8s_utils.go:71.3,71.27 1 1
github.com/marccampbell/graviton-scheduler-extender/pkg/util/k8s_utils.go:56.36,57.64 1 1
github.com/marccampbell/graviton-scheduler-extender/pkg/util/k8s_utils.go:57.64,59.5 1 1
github.com/marccampbell/graviton-scheduler-extender/pkg/util/k8s_utils.go:61.41,62.69 1 1
github.com/marccampbell/graviton-scheduler-extender/pkg/util/k8s_utils.go:62.69,64.5 1 1
github.com/marccampbell/graviton-scheduler-extender/pkg/util/k8s_utils.go:66.68,67.72 1 1
github.com/marccampbell/graviton-scheduler-extender/pkg/util/k8s_utils.go:67.72,69.5 1 1
github.com/marccampbell/graviton-scheduler-extender/pkg/util/k8s_utils.go:71.27,72.68 1 1
github.com/marccampbell/graviton-scheduler-extender/pkg/util/k8s_utils.go:72.68,74.5 1 1
github.com/marccampbell/graviton-scheduler-extender/pkg/util/k8s_utils.go:81.53,82.17 1 1
github.com/marccampbell/graviton-scheduler-extender/pkg/util/k8s_utils.go:92.2,92.16 1 1
github.com/marccampbell/graviton-scheduler-extender/pkg/util/k8s_utils.go:82.17,83.29 1 1
github.com/marccampbell/graviton-scheduler-extender/pkg/util/k8s_utils.go:88.3,88.63 1 1
github.com/marccampbell/graviton-scheduler-extender/pkg/util/k8s_utils.go:83.29,84.59 1 1
github.com/marccampbell/graviton-scheduler-extender/pkg/util/k8s_utils.go:84.59,86.5 1 1
github.com/marccampbell/graviton-scheduler-extender/pkg/util/k8s_utils.go:88.63,90.4 1 1
github.com/marccampbell/graviton-scheduler-extender/pkg/util/k8s_utils.go:96.69,99.34 3 1
github.com/marccampbell/graviton-scheduler-extender/pkg/util/k8s_utils.go:104.2,104.56 1 1
github.com/marccampbell/graviton-scheduler-extender/pkg/util/k8s_utils.go:99.34,100.17 1 1
github.com/marccampbell/graviton-scheduler-extender/pkg/util/k8s_utils.go:100.17,102.4 1 1
github.com/marccampbell/graviton-scheduler-extender/pkg/util/k8s_utils.go:108.42,110.2 1 1
github.com/marccampbell/graviton-scheduler-extender/pkg/util/util.go:58.42,59.12 1 0
github.com/marccampbell/graviton-scheduler-extender/pkg/util/util.go:62.2,62.36 1 0
github.com/marccampbell/graviton-scheduler-extender/pkg/util/util.go:59.12,61.3 1 0
github.com/marccampbell/graviton-scheduler-extender/pkg/util/util.go:67.24,68.15 1 0
github.com/marccampbell/graviton-scheduler-extender/pkg/util/util.go:71.2,71.18 1 0
github.com/marccampbell/graviton-scheduler-extender/pkg/util/util.go:78.2,78.12 1 0
github.com/marccampbell/graviton-scheduler-extender/pkg/util/util.go:68.15,70.3 1 0
github.com/marccampbell/graviton-scheduler-extender/pkg/util/util.go:71.18,73.36 1 0
github.com/marccampbell/graviton-scheduler-extender/pkg/util/util.go:76.3,76.36 1 0
github.com/marccampbell/graviton-scheduler-extender/pkg/util/util.go:73.36,75.4 1 0
github.com/marccampbell/graviton-scheduler-extender/pkg/util/util.go:83.39,90.15 7 1
github.com/marccampbell/graviton-scheduler-extender/pkg/util/util.go:94.2,94.43 1 1
github.com/marccampbell/graviton-scheduler-extender/pkg/util/util.go:98.2,98.42 1 1
github.com/marccampbell/graviton-scheduler-extender/pkg/util/util.go:102.2,102.42 1 1
github.com/marccampbell/graviton-scheduler-extender/pkg/util/util.go:105.2,105.12 1 1
github.com/marccampbell/graviton-scheduler-extender/pkg/util/util.go:90.15,93.3 2 1
github.com/marccampbell/graviton-scheduler-extender/pkg/util/util.go:94.43,97.3 2 1
github.com/marccampbell/graviton-scheduler-extender/pkg/util/util.go:98.42,101.3 2 1
github.com/marccampbell/graviton-scheduler-extender/pkg/util/util.go:102.42,104.3 1 1
github.com/marccampbell/graviton-scheduler-extender/pkg/util/util.go:109.96,111.16 2 0
github.com/marccampbell/graviton-scheduler-extender/pkg/util/util.go:114.2,115.16 2 0
github.com/marccampbell/graviton-scheduler-extender/pkg/util/util.go:118.2,118.12 1 0
github.com/marccampbell/graviton-scheduler-extender/pkg/util/util.go:111.16,113.3 1 0
github.com/marccampbell/graviton-scheduler-extender/pkg/util/util.go:115.16,117.3 1 0
github.com/marccampbell/graviton-scheduler-extender/pkg/util/util.go:122.114,131.2 5 0
github.com/marccampbell/graviton-scheduler-extender/pkg/util/util.go:134.59,140.2 5 0
github.com/marccampbell/graviton-scheduler-extender/pkg/util/util.go:143.43,144.17 1 1
github.com/marccampbell/graviton-scheduler-extender/pkg/util/util.go:147.2,149.34 3 1
github.com/marccampbell/graviton-scheduler-extender/pkg/util/util.go:155.2,155.16 1 1
github.com/marccampbell/graviton-scheduler-extender/pkg/util/util.go:158.2,158.130 1 1
github.com/marccampbell/graviton-scheduler-extender/pkg/util/util.go:144.17,146.3 1 1
github.com/marccampbell/graviton-scheduler-extender/pkg/util/util.go:149.34,151.3 1 1
github.com/marccampbell/graviton-scheduler-extender/pkg/util/util.go:151.8,153.3 1 1
github.com/marccampbell/graviton-scheduler-extender/pkg/util/util.go:155.16,157.3 1 1
github.com/marccampbell/graviton-scheduler-extender/pkg/util/util.go:162.61,168.2 5 1
github.com/marccampbell/graviton-scheduler-extender/pkg/util/util.go:171.59,176.2 4 1
github.com/marccampbell/graviton-scheduler-extender/pkg/util/util.go:179.55,180.79 1 0
github.com/marccampbell/graviton-scheduler-extender/pkg/util/util.go:180.79,182.3 1 0
github.com/marccampbell/graviton-scheduler-extender/pkg/util/util.go:182.8,184.3 1 0
github.com/marccampbell/graviton-scheduler-extender/pkg/util/util.go:188.64,194.16 3 0
github.com/marccampbell/graviton-scheduler-extender/pkg/util/util.go:199.2,201.22 2 0
github.com/marccampbell/graviton-scheduler-extender/pkg/util/util.go:205.2,205.38 1 0
github.com/marccampbell/graviton-scheduler-extender/pkg/util/util.go:209.2,209.14 1 0
github.com/marccampbell/graviton-scheduler-extender/pkg/util/util.go:194.16,197.3 2 0
github.com/marccampbell/graviton-scheduler-extender/pkg/util/util.go:201.22,203.3 1 0
github.com/marccampbell/graviton-scheduler-extender/pkg/util/util.go:205.38,207.3 1 0
github.com/marccampbell/graviton-scheduler-extender/pkg/storage/cstor.go:48.116,50.16 2 1
github.com/marccampbell/graviton-scheduler-extender/pkg/storage/cstor.go:53.2,54.36 2 1
github.com/marccampbell/graviton-scheduler-extender/pkg/storage/cstor.go:66.2,66.28 1 1
github.com/marccampbell/graviton-scheduler-extender/pkg/storage/cstor.go:69.2,69.55 1 1
github.com/marccampbell/graviton-scheduler-extender/pkg/storage/cstor.go:50.16,52.3 1 1
github.com/marccampbell/graviton-scheduler-extender/pkg/storage/cstor.go:54.36,65.3 1 1
github.com/marccampbell/graviton-scheduler-extender/pkg/storage/cstor.go:66.28,68.3 1 0
github.com/marccampbell/graviton-scheduler-extender/pkg/storage/cstor.go:73.68,75.16 2 1
github.com/marccampbell/graviton-scheduler-extender/pkg/storage/cstor.go:78.2,78.27 1 1
github.com/marccampbell/graviton-scheduler-extender/pkg/storage/cstor.go:81.2,96.40 5 1
github.com/marccampbell/graviton-scheduler-extender/pkg/storage/cstor.go:101.2,102.16 2 1
github.com/marccampbell/graviton-scheduler-extender/pkg/storage/cstor.go:107.2,108.42 2 1
github.com/marccampbell/graviton-scheduler-extender/pkg/storage/cstor.go:116.2,116.22 1 1
github.com/marccampbell/graviton-scheduler-extender/pkg/storage/cstor.go:124.2,126.16 3 1
github.com/marccampbell/graviton-scheduler-extender/pkg/storage/cstor.go:142.2,142.23 1 1
github.com/marccampbell/graviton-scheduler-extender/pkg/storage/cstor.go:146.2,146.12 1 1
github.com/marccampbell/graviton-scheduler-extender/pkg/storage/cstor.go:75.16,77.3 1 0
github.com/marccampbell/graviton-scheduler-extender/pkg/storage/cstor.go:78.27,80.3 1 1
github.com/marccampbell/graviton-scheduler-extender/pkg/storage/cstor.go:96.40,98.3 1 1
github.com/marccampbell/graviton-scheduler-extender/pkg/storage/cstor.go:102.16,104.3 1 0
github.com/marccampbell/graviton-scheduler-extender/pkg/storage/cstor.go:108.42,110.17 2 1
github.com/marccampbell/graviton-scheduler-extender/pkg/storage/cstor.go:110.17,112.4 1 1
github.com/marccampbell/graviton-scheduler-extender/pkg/storage/cstor.go:112.9,114.4 1 1
github.com/marccampbell/graviton-scheduler-extender/pkg/storage/cstor.go:116.22,119.3 2 1
github.com/marccampbell/graviton-scheduler-extender/pkg/storage/cstor.go:119.8,121.3 1 1
github.com/marccampbell/graviton-scheduler-extender/pkg/storage/cstor.go:126.16,128.3 1 0
github.com/marccampbell/graviton-scheduler-extender/pkg/storage/cstor.go:128.8,129.40 1 1
github.com/marccampbell/graviton-scheduler-extender/pkg/storage/cstor.go:129.40,132.18 3 1
github.com/marccampbell/graviton-scheduler-extender/pkg/storage/cstor.go:135.4,139.24 1 1
github.com/marccampbell/graviton-scheduler-extender/pkg/storage/cstor.go:132.18,134.5 1 1
github.com/marccampbell/graviton-scheduler-extender/pkg/storage/cstor.go:142.23,145.3 2 1
github.com/marccampbell/graviton-scheduler-extender/pkg/storage/lvmlocalpv.go:35.116,37.16 2 1
github.com/marccampbell/graviton-scheduler-extender/pkg/storage/lvmlocalpv.go:41.2,42.36 2 1
github.com/marccampbell/graviton-scheduler-extender/pkg/storage/lvmlocalpv.go:57.2,57.20 1 1
github.com/marccampbell/graviton-scheduler-extender/pkg/storage/lvmlocalpv.go:60.2,60.57 1 1
github.com/marccampbell/graviton-scheduler-extender/pkg/storage/lvmlocalpv.go:37.16,40.3 1 1
github.com/marccampbell/graviton-scheduler-extender/pkg/storage/lvmlocalpv.go:42.36,44.38 2 1
github.com/marccampbell/graviton-scheduler-extender/pkg/storage/lvmlocalpv.go:54.3,54.73 1 1
github.com/marccampbell/graviton-scheduler-extender/pkg/storage/lvmlocalpv.go:44.38,46.34 2 1
github.com/marccampbell/graviton-scheduler-extender/pkg/storage/lvmlocalpv.go:51.4,52.86 1 1
github.com/marccampbell/graviton-scheduler-extender/pkg/storage/lvmlocalpv.go:46.34,48.5 1 1
github.com/marccampbell/graviton-scheduler-extender/pkg/storage/lvmlocalpv.go:48.10,50.5 1 1
github.com/marccampbell/graviton-scheduler-extender/pkg/storage/lvmlocalpv.go:57.20,59.3 1 0
github.com/marccampbell/graviton-scheduler-extender/pkg/storage/lvmlocalpv.go:88.58,90.16 2 1
github.com/marccampbell/graviton-scheduler-extender/pkg/storage/lvmlocalpv.go:93.2,93.25 1 1
github.com/marccampbell/graviton-scheduler-extender/pkg/storage/lvmlocalpv.go:96.2,99.44 4 1
github.com/marccampbell/graviton-scheduler-extender/pkg/storage/lvmlocalpv.go:106.2,117.40 3 1
github.com/marccampbell/graviton-scheduler-extender/pkg/storage/lvmlocalpv.go:121.2,132.12 6 1
github.com/marccampbell/graviton-scheduler-extender/pkg/storage/lvmlocalpv.go:90.16,92.3 1 1
github.com/marccampbell/graviton-scheduler-extender/pkg/storage/lvmlocalpv.go:93.25,95.3 1 1
github.com/marccampbell/graviton-scheduler-extender/pkg/storage/lvmlocalpv.go:99.44,104.3 4 1
github.com/marccampbell/graviton-scheduler-extender/pkg/storage/lvmlocalpv.go:117.40,120.3 2 1
github.com/marccampbell/graviton-scheduler-extender/pkg/storage/storage.go:30.66,34.40 2 0
github.com/marccampbell/graviton-scheduler-extender/pkg/storage/storage.go:66.2,66.12 1 0
github.com/marccampbell/graviton-scheduler-extender/pkg/storage/storage.go:34.40,37.17 2 0
github.com/marccampbell/graviton-scheduler-extender/pkg/storage/storage.go:40.3,40.21 1 0
github.com/marccampbell/graviton-scheduler-extender/pkg/storage/storage.go:43.3,43.69 1 0
github.com/marccampbell/graviton-scheduler-extender/pkg/storage/storage.go:37.17,39.4 1 0
github.com/marccampbell/graviton-scheduler-extender/pkg/storage/storage.go:40.21,42.4 1 0
github.com/marccampbell/graviton-scheduler-extender/pkg/storage/storage.go:44.8,44.26 1 0
github.com/marccampbell/graviton-scheduler-extender/pkg/storage/storage.go:44.26,46.3 1 0
github.com/marccampbell/graviton-scheduler-extender/pkg/storage/storage.go:46.8,49.31 2 0
github.com/marccampbell/graviton-scheduler-extender/pkg/storage/storage.go:62.3,62.29 1 0
github.com/marccampbell/graviton-scheduler-extender/pkg/storage/storage.go:49.31,51.18 2 0
github.com/marccampbell/graviton-scheduler-extender/pkg/storage/storage.go:51.18,52.21 1 0
github.com/marccampbell/graviton-scheduler-extender/pkg/storage/storage.go:56.5,58.18 2 0
github.com/marccampbell/graviton-scheduler-extender/pkg/storage/storage.go:52.21,54.6 1 0
github.com/marccampbell/graviton-scheduler-extender/pkg/storage/storage.go:62.29,64.4 1 0
github.com/marccampbell/graviton-scheduler-extender/pkg/storage/storage.go:70.111,73.2 1 0
github.com/marccampbell/graviton-scheduler-extender/pkg/storage/storage.go:76.67,77.43 1 0
github.com/marccampbell/graviton-scheduler-extender/pkg/storage/storage.go:81.2,84.21 3 0
github.com/marccampbell/graviton-scheduler-extender/pkg/storage/storage.go:99.2,99.19 1 0
github.com/marccampbell/graviton-scheduler-extender/pkg/storage/storage.go:110.2,110.39 1 0
github.com/marccampbell/graviton-scheduler-extender/pkg/storage/storage.go:117.2,117.12 1 0
github.com/marccampbell/graviton-scheduler-extender/pkg/storage/storage.go:77.43,79.3 1 0
github.com/marccampbell/graviton-scheduler-extender/pkg/storage/storage.go:84.21,85.33 1 0
github.com/marccampbell/graviton-scheduler-extender/pkg/storage/storage.go:85.33,88.18 2 0
github.com/marccampbell/graviton-scheduler-extender/pkg/storage/storage.go:91.4,91.60 1 0
github.com/marccampbell/graviton-scheduler-extender/pkg/storage/storage.go:88.18,90.5 1 0
github.com/marccampbell/graviton-scheduler-extender/pkg/storage/storage.go:91.60,93.5 1 0
github.com/marccampbell/graviton-scheduler-extender/pkg/storage/storage.go:94.9,94.43 1 0
github.com/marccampbell/graviton-scheduler-extender/pkg/storage/storage.go:94.43,96.4 1 0
github.com/marccampbell/graviton-scheduler-extender/pkg/storage/storage.go:99.19,100.48 1 0
github.com/marccampbell/graviton-scheduler-extender/pkg/storage/storage.go:106.3,106.52 1 0
github.com/marccampbell/graviton-scheduler-extender/pkg/storage/storage.go:100.48,101.37 1 0
github.com/marccampbell/graviton-scheduler-extender/pkg/storage/storage.go:104.4,104.14 1 0
github.com/marccampbell/graviton-scheduler-extender/pkg/storage/storage.go:101.37,103.5 1 0
github.com/marccampbell/graviton-scheduler-extender/pkg/storage/storage.go:110.39,111.42 1 0
github.com/marccampbell/graviton-scheduler-extender/pkg/storage/storage.go:111.42,115.4 1 0
github.com/marccampbell/graviton-scheduler-extender/pkg/storage/storage.go:121.123,128.2 1 0
github.com/marccampbell/graviton-scheduler-extender/pkg/storage/storage.go:131.72,138.2 1 0
github.com/marccampbell/graviton-scheduler-extender/pkg/storage/storage.go:141.64,143.2 1 0
github.com/marccampbell/graviton-scheduler-extender/pkg/storage/zfslocalpv.go:38.117,40.16 2 1
github.com/marccampbell/graviton-scheduler-extender/pkg/storage/zfslocalpv.go:43.2,44.41 2 1
github.com/marccampbell/graviton-scheduler-extender/pkg/storage/zfslocalpv.go:59.2,59.20 1 1
github.com/marccampbell/graviton-scheduler-extender/pkg/storage/zfslocalpv.go:62.2,62.53 1 1
github.com/marccampbell/graviton-scheduler-extender/pkg/storage/zfslocalpv.go:40.16,42.3 1 1
github.com/marccampbell/graviton-scheduler-extender/pkg/storage/zfslocalpv.go:44.41,46.38 2 1
github.com/marccampbell/graviton-scheduler-extender/pkg/storage/zfslocalpv.go:56.3,56.69 1 1
github.com/marccampbell/graviton-scheduler-extender/pkg/storage/zfslocalpv.go:46.38,48.32 2 1
github.com/marccampbell/graviton-scheduler-extender/pkg/storage/zfslocalpv.go:53.4,54.48 1 1
github.com/marccampbell/graviton-scheduler-extender/pkg/storage/zfslocalpv.go:48.32,50.5 1 1
github.com/marccampbell/graviton-scheduler-extender/pkg/storage/zfslocalpv.go:50.10,52.5 1 1
github.com/marccampbell/graviton-scheduler-extender/pkg/storage/zfslocalpv.go:59.20,61.3 1 0
github.com/marccampbell/graviton-scheduler-extender/pkg/storage/zfslocalpv.go:74.63,76.16 2 1
github.com/marccampbell/graviton-scheduler-extender/pkg/storage/zfslocalpv.go:79.2,79.29 1 1
github.com/marccampbell/graviton-scheduler-extender/pkg/storage/zfslocalpv.go:82.2,84.35 3 1
github.com/marccampbell/graviton-scheduler-extender/pkg/storage/zfslocalpv.go:88.2,94.56 2 1
github.com/marccampbell/graviton-scheduler-extender/pkg/storage/zfslocalpv.go:76.16,78.3 1 1
github.com/marccampbell/graviton-scheduler-extender/pkg/storage/zfslocalpv.go:79.29,81.3 1 1
github.com/marccampbell/graviton-scheduler-extender/pkg/storage/zfslocalpv.go:84.35,87.3 1 1
